[2026-05-27T11:03:12.292Z] [debug] [vite] connecting...
[2026-05-27T11:03:12.304Z] [debug] [vite] connected.
[2026-05-27T11:03:14.365Z] [log] %c %c %c %c %c Phaser v3.90.0 (Canvas | Web Audio) %c https://phaser.io/v390 background: #ff0000 background: #ffff00 background: #00ff00 background: #00ffff color: #ffffff; background: #000000 background: transparent
[2026-05-27T11:04:31.088Z] [debug] [vite] connecting...
[2026-05-27T11:04:31.095Z] [debug] [vite] connected.
[2026-05-27T11:04:31.195Z] [log] %c %c %c %c %c Phaser v3.90.0 (Canvas | Web Audio) %c https://phaser.io/v390 background: #ff0000 background: #ffff00 background: #00ff00 background: #00ffff color: #ffffff; background: #000000 background: transparent
[2026-05-27T11:04:35.132Z] [debug] [vite] connecting...
[2026-05-27T11:04:35.133Z] [debug] [vite] connected.
[2026-05-27T11:04:35.244Z] [log] %c %c %c %c %c Phaser v3.90.0 (Canvas | Web Audio) %c https://phaser.io/v390 background: #ff0000 background: #ffff00 background: #00ff00 background: #00ffff color: #ffffff; background: #000000 background: transparent
[2026-05-27T11:05:31.295Z] [debug] [vite] connecting...
[2026-05-27T11:05:31.331Z] [debug] [vite] connected.
[2026-05-27T11:05:31.413Z] [log] %c %c %c %c %c Phaser v3.90.0 (Canvas | Web Audio) %c https://phaser.io/v390 background: #ff0000 background: #ffff00 background: #00ff00 background: #00ffff color: #ffffff; background: #000000 background: transparent
[2026-05-27T11:08:39.765Z] [debug] [vite] connecting...
[2026-05-27T11:08:39.789Z] [debug] [vite] connected.
[2026-05-27T11:08:39.896Z] [log] %c %c %c %c %c Phaser v3.90.0 (Canvas | Web Audio) %c https://phaser.io/v390 background: #ff0000 background: #ffff00 background: #00ff00 background: #00ffff color: #ffffff; background: #000000 background: transparent
[2026-05-27T11:09:07.517Z] [debug] [vite] connecting...
[2026-05-27T11:09:07.530Z] [debug] [vite] connected.
[2026-05-27T11:09:07.541Z] [log] %c %c %c %c %c Phaser v3.90.0 (Canvas | Web Audio) %c https://phaser.io/v390 background: #ff0000 background: #ffff00 background: #00ff00 background: #00ffff color: #ffffff; background: #000000 background: transparent
[2026-05-27T11:09:24.628Z] [debug] [vite] connecting...
[2026-05-27T11:09:24.638Z] [debug] [vite] connected.
[2026-05-27T11:09:24.661Z] [log] %c %c %c %c %c Phaser v3.90.0 (Canvas | Web Audio) %c https://phaser.io/v390 background: #ff0000 background: #ffff00 background: #00ff00 background: #00ffff color: #ffffff; background: #000000 background: transparent
[2026-05-27T11:09:44.746Z] [debug] [vite] connecting...
[2026-05-27T11:09:44.756Z] [debug] [vite] connected.
[2026-05-27T11:09:44.804Z] [log] %c %c %c %c %c Phaser v3.90.0 (Canvas | Web Audio) %c https://phaser.io/v390 background: #ff0000 background: #ffff00 background: #00ff00 background: #00ffff color: #ffffff; background: #000000 background: transparent
[2026-05-27T11:10:34.045Z] [debug] [vite] connecting...
[2026-05-27T11:10:34.061Z] [debug] [vite] connected.
[2026-05-27T11:10:34.136Z] [log] %c %c %c %c %c Phaser v3.90.0 (Canvas | Web Audio) %c https://phaser.io/v390 background: #ff0000 background: #ffff00 background: #00ff00 background: #00ffff color: #ffffff; background: #000000 background: transparent
[2026-05-27T11:12:10.972Z] [debug] [vite] connecting...
[2026-05-27T11:12:10.979Z] [debug] [vite] connected.
[2026-05-27T11:12:11.064Z] [log] %c %c %c %c %c Phaser v3.90.0 (Canvas | Web Audio) %c https://phaser.io/v390 background: #ff0000 background: #ffff00 background: #00ff00 background: #00ffff color: #ffffff; background: #000000 background: transparent
[2026-05-27T11:16:36.510Z] [debug] [vite] connecting...
[2026-05-27T11:16:36.529Z] [debug] [vite] connected.
[2026-05-27T11:16:36.883Z] [log] %c %c %c %c %c Phaser v3.90.0 (Canvas | Web Audio) %c https://phaser.io/v390 background: #ff0000 background: #ffff00 background: #00ff00 background: #00ffff color: #ffffff; background: #000000 background: transparent
[2026-05-27T11:17:07.318Z] [debug] [vite] connecting...
[2026-05-27T11:17:07.453Z] [debug] [vite] connected.
[2026-05-27T11:17:07.555Z] [log] %c %c %c %c %c Phaser v3.90.0 (Canvas | Web Audio) %c https://phaser.io/v390 background: #ff0000 background: #ffff00 background: #00ff00 background: #00ffff color: #ffffff; background: #000000 background: transparent
[2026-05-27T11:17:33.557Z] [debug] [vite] connecting...
[2026-05-27T11:17:33.559Z] [debug] [vite] connected.
[2026-05-27T11:17:33.766Z] [log] %c %c %c %c %c Phaser v3.90.0 (Canvas | Web Audio) %c https://phaser.io/v390 background: #ff0000 background: #ffff00 background: #00ff00 background: #00ffff color: #ffffff; background: #000000 background: transparent
[2026-05-27T11:17:44.477Z] [debug] [vite] connecting...
[2026-05-27T11:17:44.542Z] [debug] [vite] connected.
[2026-05-27T11:17:44.570Z] [log] %c %c %c %c %c Phaser v3.90.0 (Canvas | Web Audio) %c https://phaser.io/v390 background: #ff0000 background: #ffff00 background: #00ff00 background: #00ffff color: #ffffff; background: #000000 background: transparent
[2026-05-27T11:18:06.704Z] [debug] [vite] connecting...
[2026-05-27T11:18:06.866Z] [debug] [vite] connected.
[2026-05-27T11:18:06.930Z] [log] %c %c %c %c %c Phaser v3.90.0 (Canvas | Web Audio) %c https://phaser.io/v390 background: #ff0000 background: #ffff00 background: #00ff00 background: #00ffff color: #ffffff; background: #000000 background: transparent
[2026-05-27T11:18:19.103Z] [debug] [vite] connecting...
[2026-05-27T11:18:19.110Z] [debug] [vite] connected.
[2026-05-27T11:18:19.143Z] [log] %c %c %c %c %c Phaser v3.90.0 (Canvas | Web Audio) %c https://phaser.io/v390 background: #ff0000 background: #ffff00 background: #00ff00 background: #00ffff color: #ffffff; background: #000000 background: transparent
[2026-05-27T11:18:31.801Z] [debug] [vite] connecting...
[2026-05-27T11:18:31.829Z] [debug] [vite] connected.
[2026-05-27T11:18:31.961Z] [log] %c %c %c %c %c Phaser v3.90.0 (Canvas | Web Audio) %c https://phaser.io/v390 background: #ff0000 background: #ffff00 background: #00ff00 background: #00ffff color: #ffffff; background: #000000 background: transparent
[2026-05-27T11:21:20.416Z] [debug] [vite] connecting...
[2026-05-27T11:21:20.422Z] [debug] [vite] connected.
[2026-05-27T11:21:20.501Z] [log] %c %c %c %c %c Phaser v3.90.0 (Canvas | Web Audio) %c https://phaser.io/v390 background: #ff0000 background: #ffff00 background: #00ff00 background: #00ffff color: #ffffff; background: #000000 background: transparent
[2026-05-27T11:24:57.520Z] [debug] [vite] connecting...
[2026-05-27T11:24:57.629Z] [debug] [vite] connected.
[2026-05-27T11:24:57.714Z] [log] %c %c %c %c %c Phaser v3.90.0 (Canvas | Web Audio) %c https://phaser.io/v390 background: #ff0000 background: #ffff00 background: #00ff00 background: #00ffff color: #ffffff; background: #000000 background: transparent
[2026-05-27T11:25:03.814Z] [debug] [vite] connecting...
[2026-05-27T11:25:03.842Z] [debug] [vite] connected.
[2026-05-27T11:25:03.928Z] [log] %c %c %c %c %c Phaser v3.90.0 (Canvas | Web Audio) %c https://phaser.io/v390 background: #ff0000 background: #ffff00 background: #00ff00 background: #00ffff color: #ffffff; background: #000000 background: transparent
[2026-05-27T11:25:11.786Z] [debug] [vite] connecting...
[2026-05-27T11:25:11.898Z] [debug] [vite] connected.
[2026-05-27T11:25:12.156Z] [log] %c %c %c %c %c Phaser v3.90.0 (Canvas | Web Audio) %c https://phaser.io/v390 background: #ff0000 background: #ffff00 background: #00ff00 background: #00ffff color: #ffffff; background: #000000 background: transparent
[2026-05-27T11:25:13.035Z] [error] Failed to process file: %s "%s" image ui_result_failure_icon
[2026-05-27T11:25:13.036Z] [error] Failed to process file: %s "%s" image ui_result_victory_icon
[2026-05-27T11:25:29.426Z] [debug] [vite] connecting...
[2026-05-27T11:25:29.465Z] [debug] [vite] connected.
[2026-05-27T11:25:29.485Z] [log] %c %c %c %c %c Phaser v3.90.0 (Canvas | Web Audio) %c https://phaser.io/v390 background: #ff0000 background: #ffff00 background: #00ff00 background: #00ffff color: #ffffff; background: #000000 background: transparent
[2026-05-27T11:25:29.853Z] [error] Failed to process file: %s "%s" image ui_result_failure_icon
[2026-05-27T11:25:29.854Z] [error] Failed to process file: %s "%s" image ui_result_victory_icon
[2026-05-27T11:45:33.089Z] [debug] [vite] connecting...
[2026-05-27T11:45:33.143Z] [debug] [vite] connected.
[2026-05-27T11:45:33.231Z] [log] %c %c %c %c %c Phaser v3.90.0 (Canvas | Web Audio) %c https://phaser.io/v390 background: #ff0000 background: #ffff00 background: #00ff00 background: #00ffff color: #ffffff; background: #000000 background: transparent
[2026-05-27T11:45:40.431Z] [debug] [vite] connecting...
[2026-05-27T11:45:40.977Z] [debug] [vite] connected.
[2026-05-27T11:45:40.986Z] [log] %c %c %c %c %c Phaser v3.90.0 (Canvas | Web Audio) %c https://phaser.io/v390 background: #ff0000 background: #ffff00 background: #00ff00 background: #00ffff color: #ffffff; background: #000000 background: transparent
[2026-05-27T11:45:42.310Z] [error] Error decoding audio: sfx_plant_shoot -  Unable to decode audio data
[2026-05-27T11:45:42.310Z] [error] Failed to process file: %s "%s" audio sfx_plant_shoot
[2026-05-27T11:45:42.312Z] [error] Error decoding audio: sfx_enemy_hit_1 -  Unable to decode audio data
[2026-05-27T11:45:42.312Z] [error] Failed to process file: %s "%s" audio sfx_enemy_hit_1
[2026-05-27T11:45:42.317Z] [error] Error decoding audio: sfx_enemy_hit_3 -  Unable to decode audio data
[2026-05-27T11:45:42.317Z] [error] Failed to process file: %s "%s" audio sfx_enemy_hit_3
[2026-05-27T11:45:42.318Z] [error] Error decoding audio: sfx_enemy_hit_2 -  Unable to decode audio data
[2026-05-27T11:45:42.318Z] [error] Failed to process file: %s "%s" audio sfx_enemy_hit_2
[2026-05-27T11:45:42.320Z] [error] Error decoding audio: sfx_explosion_aoe -  Unable to decode audio data
[2026-05-27T11:45:42.320Z] [error] Failed to process file: %s "%s" audio sfx_explosion_aoe
[2026-05-27T11:45:42.321Z] [error] Error decoding audio: sfx_enemy_death -  Unable to decode audio data
[2026-05-27T11:45:42.321Z] [error] Failed to process file: %s "%s" audio sfx_enemy_death
[2026-05-27T11:45:42.323Z] [error] Error decoding audio: sfx_result_win -  Unable to decode audio data
[2026-05-27T11:45:42.323Z] [error] Failed to process file: %s "%s" audio sfx_result_win
[2026-05-27T11:45:42.323Z] [error] Error decoding audio: sfx_result_lose -  Unable to decode audio data
[2026-05-27T11:45:42.323Z] [error] Failed to process file: %s "%s" audio sfx_result_lose
[2026-05-27T11:45:45.590Z] [debug] [vite] connecting...
[2026-05-27T11:45:45.653Z] [debug] [vite] connected.
[2026-05-27T11:45:45.699Z] [log] %c %c %c %c %c Phaser v3.90.0 (Canvas | Web Audio) %c https://phaser.io/v390 background: #ff0000 background: #ffff00 background: #00ff00 background: #00ffff color: #ffffff; background: #000000 background: transparent
[2026-05-27T11:45:47.251Z] [error] Error decoding audio: sfx_plant_shoot -  Unable to decode audio data
[2026-05-27T11:45:47.252Z] [error] Failed to process file: %s "%s" audio sfx_plant_shoot
[2026-05-27T11:45:47.252Z] [error] Error decoding audio: sfx_enemy_hit_1 -  Unable to decode audio data
[2026-05-27T11:45:47.252Z] [error] Failed to process file: %s "%s" audio sfx_enemy_hit_1
[2026-05-27T11:45:47.286Z] [error] Error decoding audio: sfx_enemy_hit_2 -  Unable to decode audio data
[2026-05-27T11:45:47.286Z] [error] Failed to process file: %s "%s" audio sfx_enemy_hit_2
[2026-05-27T11:45:47.286Z] [error] Error decoding audio: sfx_enemy_hit_3 -  Unable to decode audio data
[2026-05-27T11:45:47.290Z] [error] Failed to process file: %s "%s" audio sfx_enemy_hit_3
[2026-05-27T11:45:47.291Z] [error] Error decoding audio: sfx_enemy_death -  Unable to decode audio data
[2026-05-27T11:45:47.291Z] [error] Failed to process file: %s "%s" audio sfx_enemy_death
[2026-05-27T11:45:47.323Z] [error] Error decoding audio: sfx_explosion_aoe -  Unable to decode audio data
[2026-05-27T11:45:47.323Z] [error] Failed to process file: %s "%s" audio sfx_explosion_aoe
[2026-05-27T11:45:47.323Z] [error] Error decoding audio: sfx_result_win -  Unable to decode audio data
[2026-05-27T11:45:47.324Z] [error] Failed to process file: %s "%s" audio sfx_result_win
[2026-05-27T11:45:47.342Z] [error] Error decoding audio: sfx_result_lose -  Unable to decode audio data
[2026-05-27T11:45:47.342Z] [error] Failed to process file: %s "%s" audio sfx_result_lose
[2026-05-27T11:45:53.618Z] [debug] [vite] connecting...
[2026-05-27T11:45:54.239Z] [debug] [vite] connected.
[2026-05-27T11:45:54.253Z] [log] %c %c %c %c %c Phaser v3.90.0 (Canvas | Web Audio) %c https://phaser.io/v390 background: #ff0000 background: #ffff00 background: #00ff00 background: #00ffff color: #ffffff; background: #000000 background: transparent
[2026-05-27T11:45:55.402Z] [error] Error decoding audio: sfx_plant_shoot -  Unable to decode audio data
[2026-05-27T11:45:55.402Z] [error] Failed to process file: %s "%s" audio sfx_plant_shoot
[2026-05-27T11:45:55.405Z] [error] Error decoding audio: sfx_enemy_hit_1 -  Unable to decode audio data
[2026-05-27T11:45:55.405Z] [error] Failed to process file: %s "%s" audio sfx_enemy_hit_1
[2026-05-27T11:45:55.405Z] [error] Error decoding audio: sfx_enemy_hit_2 -  Unable to decode audio data
[2026-05-27T11:45:55.405Z] [error] Failed to process file: %s "%s" audio sfx_enemy_hit_2
[2026-05-27T11:45:55.409Z] [error] Error decoding audio: sfx_enemy_hit_3 -  Unable to decode audio data
[2026-05-27T11:45:55.409Z] [error] Failed to process file: %s "%s" audio sfx_enemy_hit_3
[2026-05-27T11:45:55.409Z] [error] Error decoding audio: sfx_enemy_death -  Unable to decode audio data
[2026-05-27T11:45:55.409Z] [error] Failed to process file: %s "%s" audio sfx_enemy_death
[2026-05-27T11:45:55.409Z] [error] Error decoding audio: sfx_explosion_aoe -  Unable to decode audio data
[2026-05-27T11:45:55.410Z] [error] Failed to process file: %s "%s" audio sfx_explosion_aoe
[2026-05-27T11:45:55.410Z] [error] Error decoding audio: sfx_result_win -  Unable to decode audio data
[2026-05-27T11:45:55.410Z] [error] Failed to process file: %s "%s" audio sfx_result_win
[2026-05-27T11:45:55.410Z] [error] Error decoding audio: sfx_result_lose -  Unable to decode audio data
[2026-05-27T11:45:55.410Z] [error] Failed to process file: %s "%s" audio sfx_result_lose
[2026-05-27T11:45:59.743Z] [debug] [vite] connecting...
[2026-05-27T11:45:59.750Z] [debug] [vite] connected.
[2026-05-27T11:45:59.830Z] [log] %c %c %c %c %c Phaser v3.90.0 (Canvas | Web Audio) %c https://phaser.io/v390 background: #ff0000 background: #ffff00 background: #00ff00 background: #00ffff color: #ffffff; background: #000000 background: transparent
[2026-05-27T11:46:01.358Z] [error] Error decoding audio: sfx_enemy_hit_1 -  Unable to decode audio data
[2026-05-27T11:46:01.358Z] [error] Failed to process file: %s "%s" audio sfx_enemy_hit_1
[2026-05-27T11:46:01.376Z] [error] Error decoding audio: sfx_enemy_hit_2 -  Unable to decode audio data
[2026-05-27T11:46:01.376Z] [error] Failed to process file: %s "%s" audio sfx_enemy_hit_2
[2026-05-27T11:46:01.380Z] [error] Error decoding audio: sfx_enemy_hit_3 -  Unable to decode audio data
[2026-05-27T11:46:01.381Z] [error] Failed to process file: %s "%s" audio sfx_enemy_hit_3
[2026-05-27T11:46:01.381Z] [error] Error decoding audio: sfx_plant_shoot -  Unable to decode audio data
[2026-05-27T11:46:01.381Z] [error] Failed to process file: %s "%s" audio sfx_plant_shoot
[2026-05-27T11:46:01.382Z] [error] Error decoding audio: sfx_enemy_death -  Unable to decode audio data
[2026-05-27T11:46:01.382Z] [error] Failed to process file: %s "%s" audio sfx_enemy_death
[2026-05-27T11:46:01.382Z] [error] Error decoding audio: sfx_explosion_aoe -  Unable to decode audio data
[2026-05-27T11:46:01.382Z] [error] Failed to process file: %s "%s" audio sfx_explosion_aoe
[2026-05-27T11:46:01.390Z] [error] Error decoding audio: sfx_result_win -  Unable to decode audio data
[2026-05-27T11:46:01.390Z] [error] Failed to process file: %s "%s" audio sfx_result_win
[2026-05-27T11:46:01.392Z] [error] Error decoding audio: sfx_result_lose -  Unable to decode audio data
[2026-05-27T11:46:01.392Z] [error] Failed to process file: %s "%s" audio sfx_result_lose
[2026-05-27T11:46:08.820Z] [debug] [vite] connecting...
[2026-05-27T11:46:08.896Z] [debug] [vite] connected.
[2026-05-27T11:46:09.365Z] [log] %c %c %c %c %c Phaser v3.90.0 (Canvas | Web Audio) %c https://phaser.io/v390 background: #ff0000 background: #ffff00 background: #00ff00 background: #00ffff color: #ffffff; background: #000000 background: transparent
[2026-05-27T11:46:09.940Z] [error] Error decoding audio: sfx_plant_shoot -  Unable to decode audio data
[2026-05-27T11:46:09.940Z] [error] Failed to process file: %s "%s" audio sfx_plant_shoot
[2026-05-27T11:46:09.940Z] [error] Error decoding audio: sfx_enemy_hit_1 -  Unable to decode audio data
[2026-05-27T11:46:09.940Z] [error] Failed to process file: %s "%s" audio sfx_enemy_hit_1
[2026-05-27T11:46:09.940Z] [error] Error decoding audio: sfx_enemy_hit_2 -  Unable to decode audio data
[2026-05-27T11:46:09.940Z] [error] Failed to process file: %s "%s" audio sfx_enemy_hit_2
[2026-05-27T11:46:09.941Z] [error] Error decoding audio: sfx_enemy_hit_3 -  Unable to decode audio data
[2026-05-27T11:46:09.941Z] [error] Failed to process file: %s "%s" audio sfx_enemy_hit_3
[2026-05-27T11:46:09.951Z] [error] Error decoding audio: sfx_enemy_death -  Unable to decode audio data
[2026-05-27T11:46:09.951Z] [error] Failed to process file: %s "%s" audio sfx_enemy_death
[2026-05-27T11:46:09.952Z] [error] Error decoding audio: sfx_explosion_aoe -  Unable to decode audio data
[2026-05-27T11:46:09.952Z] [error] Failed to process file: %s "%s" audio sfx_explosion_aoe
[2026-05-27T11:46:09.953Z] [error] Error decoding audio: sfx_result_win -  Unable to decode audio data
[2026-05-27T11:46:09.953Z] [error] Failed to process file: %s "%s" audio sfx_result_win
[2026-05-27T11:46:09.954Z] [error] Error decoding audio: sfx_result_lose -  Unable to decode audio data
[2026-05-27T11:46:09.954Z] [error] Failed to process file: %s "%s" audio sfx_result_lose
[2026-05-27T11:46:16.338Z] [debug] [vite] connecting...
[2026-05-27T11:46:16.451Z] [debug] [vite] connected.
[2026-05-27T11:46:17.085Z] [log] %c %c %c %c %c Phaser v3.90.0 (Canvas | Web Audio) %c https://phaser.io/v390 background: #ff0000 background: #ffff00 background: #00ff00 background: #00ffff color: #ffffff; background: #000000 background: transparent
[2026-05-27T11:46:17.749Z] [error] Error decoding audio: sfx_plant_shoot -  Unable to decode audio data
[2026-05-27T11:46:17.749Z] [error] Failed to process file: %s "%s" audio sfx_plant_shoot
[2026-05-27T11:46:17.752Z] [error] Error decoding audio: sfx_enemy_death -  Unable to decode audio data
[2026-05-27T11:46:17.752Z] [error] Failed to process file: %s "%s" audio sfx_enemy_death
[2026-05-27T11:46:17.753Z] [error] Error decoding audio: sfx_enemy_hit_3 -  Unable to decode audio data
[2026-05-27T11:46:17.753Z] [error] Failed to process file: %s "%s" audio sfx_enemy_hit_3
[2026-05-27T11:46:17.753Z] [error] Error decoding audio: sfx_enemy_hit_2 -  Unable to decode audio data
[2026-05-27T11:46:17.753Z] [error] Failed to process file: %s "%s" audio sfx_enemy_hit_2
[2026-05-27T11:46:17.754Z] [error] Error decoding audio: sfx_enemy_hit_1 -  Unable to decode audio data
[2026-05-27T11:46:17.754Z] [error] Failed to process file: %s "%s" audio sfx_enemy_hit_1
[2026-05-27T11:46:17.754Z] [error] Error decoding audio: sfx_explosion_aoe -  Unable to decode audio data
[2026-05-27T11:46:17.754Z] [error] Failed to process file: %s "%s" audio sfx_explosion_aoe
[2026-05-27T11:46:17.754Z] [error] Error decoding audio: sfx_result_win -  Unable to decode audio data
[2026-05-27T11:46:17.754Z] [error] Failed to process file: %s "%s" audio sfx_result_win
[2026-05-27T11:46:17.755Z] [error] Error decoding audio: sfx_result_lose -  Unable to decode audio data
[2026-05-27T11:46:17.755Z] [error] Failed to process file: %s "%s" audio sfx_result_lose
[2026-05-27T11:46:21.446Z] [debug] [vite] connecting...
[2026-05-27T11:46:21.464Z] [debug] [vite] connected.
[2026-05-27T11:46:21.465Z] [log] %c %c %c %c %c Phaser v3.90.0 (Canvas | Web Audio) %c https://phaser.io/v390 background: #ff0000 background: #ffff00 background: #00ff00 background: #00ffff color: #ffffff; background: #000000 background: transparent
[2026-05-27T11:46:22.755Z] [error] Error decoding audio: sfx_plant_shoot -  Unable to decode audio data
[2026-05-27T11:46:22.755Z] [error] Failed to process file: %s "%s" audio sfx_plant_shoot
[2026-05-27T11:46:22.756Z] [error] Error decoding audio: sfx_enemy_hit_1 -  Unable to decode audio data
[2026-05-27T11:46:22.756Z] [error] Failed to process file: %s "%s" audio sfx_enemy_hit_1
[2026-05-27T11:46:22.756Z] [error] Error decoding audio: sfx_enemy_hit_2 -  Unable to decode audio data
[2026-05-27T11:46:22.756Z] [error] Failed to process file: %s "%s" audio sfx_enemy_hit_2
[2026-05-27T11:46:22.756Z] [error] Error decoding audio: sfx_enemy_hit_3 -  Unable to decode audio data
[2026-05-27T11:46:22.757Z] [error] Failed to process file: %s "%s" audio sfx_enemy_hit_3
[2026-05-27T11:46:22.769Z] [error] Error decoding audio: sfx_explosion_aoe -  Unable to decode audio data
[2026-05-27T11:46:22.769Z] [error] Failed to process file: %s "%s" audio sfx_explosion_aoe
[2026-05-27T11:46:22.769Z] [error] Error decoding audio: sfx_enemy_death -  Unable to decode audio data
[2026-05-27T11:46:22.769Z] [error] Failed to process file: %s "%s" audio sfx_enemy_death
[2026-05-27T11:46:22.770Z] [error] Error decoding audio: sfx_result_win -  Unable to decode audio data
[2026-05-27T11:46:22.770Z] [error] Failed to process file: %s "%s" audio sfx_result_win
[2026-05-27T11:46:22.771Z] [error] Error decoding audio: sfx_result_lose -  Unable to decode audio data
[2026-05-27T11:46:22.771Z] [error] Failed to process file: %s "%s" audio sfx_result_lose
[2026-05-27T11:46:31.974Z] [debug] [vite] connecting...
[2026-05-27T11:46:32.363Z] [log] %c %c %c %c %c Phaser v3.90.0 (Canvas | Web Audio) %c https://phaser.io/v390 background: #ff0000 background: #ffff00 background: #00ff00 background: #00ffff color: #ffffff; background: #000000 background: transparent
[2026-05-27T11:46:32.716Z] [debug] [vite] connected.
[2026-05-27T11:46:32.941Z] [error] Error decoding audio: sfx_plant_shoot -  Unable to decode audio data
[2026-05-27T11:46:32.941Z] [error] Failed to process file: %s "%s" audio sfx_plant_shoot
[2026-05-27T11:46:32.941Z] [error] Error decoding audio: sfx_enemy_hit_1 -  Unable to decode audio data
[2026-05-27T11:46:32.941Z] [error] Failed to process file: %s "%s" audio sfx_enemy_hit_1
[2026-05-27T11:46:32.941Z] [error] Error decoding audio: sfx_enemy_hit_2 -  Unable to decode audio data
[2026-05-27T11:46:32.941Z] [error] Failed to process file: %s "%s" audio sfx_enemy_hit_2
[2026-05-27T11:46:32.941Z] [error] Error decoding audio: sfx_enemy_hit_3 -  Unable to decode audio data
[2026-05-27T11:46:32.942Z] [error] Failed to process file: %s "%s" audio sfx_enemy_hit_3
[2026-05-27T11:46:32.942Z] [error] Error decoding audio: sfx_enemy_death -  Unable to decode audio data
[2026-05-27T11:46:32.942Z] [error] Failed to process file: %s "%s" audio sfx_enemy_death
[2026-05-27T11:46:32.942Z] [error] Error decoding audio: sfx_explosion_aoe -  Unable to decode audio data
[2026-05-27T11:46:32.942Z] [error] Failed to process file: %s "%s" audio sfx_explosion_aoe
[2026-05-27T11:46:32.942Z] [error] Error decoding audio: sfx_result_lose -  Unable to decode audio data
[2026-05-27T11:46:32.942Z] [error] Failed to process file: %s "%s" audio sfx_result_lose
[2026-05-27T11:46:32.943Z] [error] Error decoding audio: sfx_result_win -  Unable to decode audio data
[2026-05-27T11:46:32.943Z] [error] Failed to process file: %s "%s" audio sfx_result_win
[2026-05-27T11:46:40.459Z] [debug] [vite] connecting...
[2026-05-27T11:46:40.612Z] [debug] [vite] connected.
[2026-05-27T11:46:40.661Z] [log] %c %c %c %c %c Phaser v3.90.0 (Canvas | Web Audio) %c https://phaser.io/v390 background: #ff0000 background: #ffff00 background: #00ff00 background: #00ffff color: #ffffff; background: #000000 background: transparent
[2026-05-27T11:46:41.786Z] [error] Error decoding audio: sfx_plant_shoot -  Unable to decode audio data
[2026-05-27T11:46:41.786Z] [error] Failed to process file: %s "%s" audio sfx_plant_shoot
[2026-05-27T11:46:41.786Z] [error] Error decoding audio: sfx_enemy_hit_2 -  Unable to decode audio data
[2026-05-27T11:46:41.786Z] [error] Failed to process file: %s "%s" audio sfx_enemy_hit_2
[2026-05-27T11:46:41.791Z] [error] Error decoding audio: sfx_enemy_hit_3 -  Unable to decode audio data
[2026-05-27T11:46:41.791Z] [error] Failed to process file: %s "%s" audio sfx_enemy_hit_3
[2026-05-27T11:46:41.791Z] [error] Error decoding audio: sfx_enemy_death -  Unable to decode audio data
[2026-05-27T11:46:41.792Z] [error] Failed to process file: %s "%s" audio sfx_enemy_death
[2026-05-27T11:46:41.792Z] [error] Error decoding audio: sfx_explosion_aoe -  Unable to decode audio data
[2026-05-27T11:46:41.792Z] [error] Failed to process file: %s "%s" audio sfx_explosion_aoe
[2026-05-27T11:46:41.792Z] [error] Error decoding audio: sfx_enemy_hit_1 -  Unable to decode audio data
[2026-05-27T11:46:41.792Z] [error] Failed to process file: %s "%s" audio sfx_enemy_hit_1
[2026-05-27T11:46:41.793Z] [error] Error decoding audio: sfx_result_win -  Unable to decode audio data
[2026-05-27T11:46:41.793Z] [error] Failed to process file: %s "%s" audio sfx_result_win
[2026-05-27T11:46:41.793Z] [error] Error decoding audio: sfx_result_lose -  Unable to decode audio data
[2026-05-27T11:46:41.793Z] [error] Failed to process file: %s "%s" audio sfx_result_lose
[2026-05-27T11:46:46.126Z] [debug] [vite] connecting...
[2026-05-27T11:46:46.146Z] [debug] [vite] connected.
[2026-05-27T11:46:46.258Z] [log] %c %c %c %c %c Phaser v3.90.0 (Canvas | Web Audio) %c https://phaser.io/v390 background: #ff0000 background: #ffff00 background: #00ff00 background: #00ffff color: #ffffff; background: #000000 background: transparent
[2026-05-27T11:46:47.757Z] [error] Error decoding audio: sfx_plant_shoot -  Unable to decode audio data
[2026-05-27T11:46:47.757Z] [error] Failed to process file: %s "%s" audio sfx_plant_shoot
[2026-05-27T11:46:47.758Z] [error] Error decoding audio: sfx_enemy_hit_1 -  Unable to decode audio data
[2026-05-27T11:46:47.758Z] [error] Failed to process file: %s "%s" audio sfx_enemy_hit_1
[2026-05-27T11:46:47.758Z] [error] Error decoding audio: sfx_enemy_hit_2 -  Unable to decode audio data
[2026-05-27T11:46:47.759Z] [error] Failed to process file: %s "%s" audio sfx_enemy_hit_2
[2026-05-27T11:46:47.761Z] [error] Error decoding audio: sfx_enemy_hit_3 -  Unable to decode audio data
[2026-05-27T11:46:47.761Z] [error] Failed to process file: %s "%s" audio sfx_enemy_hit_3
[2026-05-27T11:46:47.768Z] [error] Error decoding audio: sfx_enemy_death -  Unable to decode audio data
[2026-05-27T11:46:47.768Z] [error] Failed to process file: %s "%s" audio sfx_enemy_death
[2026-05-27T11:46:47.769Z] [error] Error decoding audio: sfx_explosion_aoe -  Unable to decode audio data
[2026-05-27T11:46:47.769Z] [error] Failed to process file: %s "%s" audio sfx_explosion_aoe
[2026-05-27T11:46:47.769Z] [error] Error decoding audio: sfx_result_win -  Unable to decode audio data
[2026-05-27T11:46:47.769Z] [error] Failed to process file: %s "%s" audio sfx_result_win
[2026-05-27T11:46:47.769Z] [error] Error decoding audio: sfx_result_lose -  Unable to decode audio data
[2026-05-27T11:46:47.769Z] [error] Failed to process file: %s "%s" audio sfx_result_lose
[2026-05-27T11:46:51.588Z] [debug] [vite] connecting...
[2026-05-27T11:46:51.867Z] [debug] [vite] connected.
[2026-05-27T11:46:51.975Z] [log] %c %c %c %c %c Phaser v3.90.0 (Canvas | Web Audio) %c https://phaser.io/v390 background: #ff0000 background: #ffff00 background: #00ff00 background: #00ffff color: #ffffff; background: #000000 background: transparent
[2026-05-27T11:46:52.935Z] [error] Error decoding audio: sfx_enemy_hit_1 -  Unable to decode audio data
[2026-05-27T11:46:52.935Z] [error] Failed to process file: %s "%s" audio sfx_enemy_hit_1
[2026-05-27T11:46:52.935Z] [error] Error decoding audio: sfx_enemy_hit_2 -  Unable to decode audio data
[2026-05-27T11:46:52.935Z] [error] Failed to process file: %s "%s" audio sfx_enemy_hit_2
[2026-05-27T11:46:52.939Z] [error] Error decoding audio: sfx_enemy_hit_3 -  Unable to decode audio data
[2026-05-27T11:46:52.939Z] [error] Failed to process file: %s "%s" audio sfx_enemy_hit_3
[2026-05-27T11:46:52.939Z] [error] Error decoding audio: sfx_enemy_death -  Unable to decode audio data
[2026-05-27T11:46:52.939Z] [error] Failed to process file: %s "%s" audio sfx_enemy_death
[2026-05-27T11:46:52.942Z] [error] Error decoding audio: sfx_explosion_aoe -  Unable to decode audio data
[2026-05-27T11:46:52.942Z] [error] Failed to process file: %s "%s" audio sfx_explosion_aoe
[2026-05-27T11:46:52.943Z] [error] Error decoding audio: sfx_plant_shoot -  Unable to decode audio data
[2026-05-27T11:46:52.943Z] [error] Failed to process file: %s "%s" audio sfx_plant_shoot
[2026-05-27T11:46:52.947Z] [error] Error decoding audio: sfx_result_win -  Unable to decode audio data
[2026-05-27T11:46:52.947Z] [error] Failed to process file: %s "%s" audio sfx_result_win
[2026-05-27T11:46:52.947Z] [error] Error decoding audio: sfx_result_lose -  Unable to decode audio data
[2026-05-27T11:46:52.947Z] [error] Failed to process file: %s "%s" audio sfx_result_lose
[2026-05-27T11:46:58.414Z] [debug] [vite] connecting...
[2026-05-27T11:46:58.572Z] [log] %c %c %c %c %c Phaser v3.90.0 (Canvas | Web Audio) %c https://phaser.io/v390 background: #ff0000 background: #ffff00 background: #00ff00 background: #00ffff color: #ffffff; background: #000000 background: transparent
[2026-05-27T11:46:59.667Z] [debug] [vite] connected.
[2026-05-27T11:47:00.076Z] [error] Error decoding audio: sfx_plant_shoot -  Unable to decode audio data
[2026-05-27T11:47:00.076Z] [error] Failed to process file: %s "%s" audio sfx_plant_shoot
[2026-05-27T11:47:00.077Z] [error] Error decoding audio: sfx_enemy_hit_2 -  Unable to decode audio data
[2026-05-27T11:47:00.077Z] [error] Failed to process file: %s "%s" audio sfx_enemy_hit_2
[2026-05-27T11:47:00.077Z] [error] Error decoding audio: sfx_enemy_hit_1 -  Unable to decode audio data
[2026-05-27T11:47:00.077Z] [error] Failed to process file: %s "%s" audio sfx_enemy_hit_1
[2026-05-27T11:47:00.077Z] [error] Error decoding audio: sfx_enemy_hit_3 -  Unable to decode audio data
[2026-05-27T11:47:00.077Z] [error] Failed to process file: %s "%s" audio sfx_enemy_hit_3
[2026-05-27T11:47:00.077Z] [error] Error decoding audio: sfx_enemy_death -  Unable to decode audio data
[2026-05-27T11:47:00.078Z] [error] Failed to process file: %s "%s" audio sfx_enemy_death
[2026-05-27T11:47:00.078Z] [error] Error decoding audio: sfx_explosion_aoe -  Unable to decode audio data
[2026-05-27T11:47:00.078Z] [error] Failed to process file: %s "%s" audio sfx_explosion_aoe
[2026-05-27T11:47:00.080Z] [error] Error decoding audio: sfx_result_win -  Unable to decode audio data
[2026-05-27T11:47:00.080Z] [error] Failed to process file: %s "%s" audio sfx_result_win
[2026-05-27T11:47:00.080Z] [error] Error decoding audio: sfx_result_lose -  Unable to decode audio data
[2026-05-27T11:47:00.080Z] [error] Failed to process file: %s "%s" audio sfx_result_lose
[2026-05-27T11:47:05.707Z] [debug] [vite] connecting...
[2026-05-27T11:47:06.230Z] [log] %c %c %c %c %c Phaser v3.90.0 (Canvas | Web Audio) %c https://phaser.io/v390 background: #ff0000 background: #ffff00 background: #00ff00 background: #00ffff color: #ffffff; background: #000000 background: transparent
[2026-05-27T11:47:06.312Z] [debug] [vite] connected.
[2026-05-27T11:47:07.037Z] [error] Error decoding audio: sfx_plant_shoot -  Unable to decode audio data
[2026-05-27T11:47:07.037Z] [error] Failed to process file: %s "%s" audio sfx_plant_shoot
[2026-05-27T11:47:07.037Z] [error] Error decoding audio: sfx_enemy_hit_1 -  Unable to decode audio data
[2026-05-27T11:47:07.037Z] [error] Failed to process file: %s "%s" audio sfx_enemy_hit_1
[2026-05-27T11:47:07.037Z] [error] Error decoding audio: sfx_enemy_hit_2 -  Unable to decode audio data
[2026-05-27T11:47:07.037Z] [error] Failed to process file: %s "%s" audio sfx_enemy_hit_2
[2026-05-27T11:47:07.038Z] [error] Error decoding audio: sfx_enemy_hit_3 -  Unable to decode audio data
[2026-05-27T11:47:07.038Z] [error] Failed to process file: %s "%s" audio sfx_enemy_hit_3
[2026-05-27T11:47:07.038Z] [error] Error decoding audio: sfx_enemy_death -  Unable to decode audio data
[2026-05-27T11:47:07.038Z] [error] Failed to process file: %s "%s" audio sfx_enemy_death
[2026-05-27T11:47:07.038Z] [error] Error decoding audio: sfx_explosion_aoe -  Unable to decode audio data
[2026-05-27T11:47:07.038Z] [error] Failed to process file: %s "%s" audio sfx_explosion_aoe
[2026-05-27T11:47:07.039Z] [error] Error decoding audio: sfx_result_win -  Unable to decode audio data
[2026-05-27T11:47:07.039Z] [error] Failed to process file: %s "%s" audio sfx_result_win
[2026-05-27T11:47:07.039Z] [error] Error decoding audio: sfx_result_lose -  Unable to decode audio data
[2026-05-27T11:47:07.039Z] [error] Failed to process file: %s "%s" audio sfx_result_lose
[2026-05-27T11:47:11.167Z] [debug] [vite] connecting...
[2026-05-27T11:47:11.236Z] [debug] [vite] connected.
[2026-05-27T11:47:11.529Z] [log] %c %c %c %c %c Phaser v3.90.0 (Canvas | Web Audio) %c https://phaser.io/v390 background: #ff0000 background: #ffff00 background: #00ff00 background: #00ffff color: #ffffff; background: #000000 background: transparent
[2026-05-27T11:47:12.140Z] [error] Error decoding audio: sfx_plant_shoot -  Unable to decode audio data
[2026-05-27T11:47:12.140Z] [error] Failed to process file: %s "%s" audio sfx_plant_shoot
[2026-05-27T11:47:12.147Z] [error] Error decoding audio: sfx_enemy_death -  Unable to decode audio data
[2026-05-27T11:47:12.147Z] [error] Failed to process file: %s "%s" audio sfx_enemy_death
[2026-05-27T11:47:12.147Z] [error] Error decoding audio: sfx_enemy_hit_1 -  Unable to decode audio data
[2026-05-27T11:47:12.147Z] [error] Failed to process file: %s "%s" audio sfx_enemy_hit_1
[2026-05-27T11:47:12.147Z] [error] Error decoding audio: sfx_enemy_hit_2 -  Unable to decode audio data
[2026-05-27T11:47:12.147Z] [error] Failed to process file: %s "%s" audio sfx_enemy_hit_2
[2026-05-27T11:47:12.148Z] [error] Error decoding audio: sfx_enemy_hit_3 -  Unable to decode audio data
[2026-05-27T11:47:12.148Z] [error] Failed to process file: %s "%s" audio sfx_enemy_hit_3
[2026-05-27T11:47:12.148Z] [error] Error decoding audio: sfx_explosion_aoe -  Unable to decode audio data
[2026-05-27T11:47:12.148Z] [error] Failed to process file: %s "%s" audio sfx_explosion_aoe
[2026-05-27T11:47:12.149Z] [error] Error decoding audio: sfx_result_win -  Unable to decode audio data
[2026-05-27T11:47:12.149Z] [error] Failed to process file: %s "%s" audio sfx_result_win
[2026-05-27T11:47:12.150Z] [error] Error decoding audio: sfx_result_lose -  Unable to decode audio data
[2026-05-27T11:47:12.150Z] [error] Failed to process file: %s "%s" audio sfx_result_lose
[2026-05-27T11:47:23.031Z] [debug] [vite] connecting...
[2026-05-27T11:47:23.189Z] [debug] [vite] connected.
[2026-05-27T11:47:23.497Z] [log] %c %c %c %c %c Phaser v3.90.0 (Canvas | Web Audio) %c https://phaser.io/v390 background: #ff0000 background: #ffff00 background: #00ff00 background: #00ffff color: #ffffff; background: #000000 background: transparent
[2026-05-27T11:47:24.138Z] [error] Error decoding audio: sfx_plant_shoot -  Unable to decode audio data
[2026-05-27T11:47:24.138Z] [error] Failed to process file: %s "%s" audio sfx_plant_shoot
[2026-05-27T11:47:24.140Z] [error] Error decoding audio: sfx_enemy_hit_2 -  Unable to decode audio data
[2026-05-27T11:47:24.140Z] [error] Failed to process file: %s "%s" audio sfx_enemy_hit_2
[2026-05-27T11:47:24.140Z] [error] Error decoding audio: sfx_enemy_hit_1 -  Unable to decode audio data
[2026-05-27T11:47:24.140Z] [error] Failed to process file: %s "%s" audio sfx_enemy_hit_1
[2026-05-27T11:47:24.142Z] [error] Error decoding audio: sfx_explosion_aoe -  Unable to decode audio data
[2026-05-27T11:47:24.142Z] [error] Failed to process file: %s "%s" audio sfx_explosion_aoe
[2026-05-27T11:47:24.143Z] [error] Error decoding audio: sfx_enemy_death -  Unable to decode audio data
[2026-05-27T11:47:24.143Z] [error] Failed to process file: %s "%s" audio sfx_enemy_death
[2026-05-27T11:47:24.145Z] [error] Error decoding audio: sfx_enemy_hit_3 -  Unable to decode audio data
[2026-05-27T11:47:24.145Z] [error] Failed to process file: %s "%s" audio sfx_enemy_hit_3
[2026-05-27T11:47:24.147Z] [error] Error decoding audio: sfx_result_lose -  Unable to decode audio data
[2026-05-27T11:47:24.147Z] [error] Failed to process file: %s "%s" audio sfx_result_lose
[2026-05-27T11:47:24.148Z] [error] Error decoding audio: sfx_result_win -  Unable to decode audio data
[2026-05-27T11:47:24.148Z] [error] Failed to process file: %s "%s" audio sfx_result_win
[2026-05-27T11:47:35.143Z] [debug] [vite] connecting...
[2026-05-27T11:47:35.177Z] [debug] [vite] connected.
[2026-05-27T11:47:35.206Z] [log] %c %c %c %c %c Phaser v3.90.0 (Canvas | Web Audio) %c https://phaser.io/v390 background: #ff0000 background: #ffff00 background: #00ff00 background: #00ffff color: #ffffff; background: #000000 background: transparent
[2026-05-27T11:47:36.258Z] [error] Error decoding audio: sfx_enemy_hit_1 -  Unable to decode audio data
[2026-05-27T11:47:36.258Z] [error] Failed to process file: %s "%s" audio sfx_enemy_hit_1
[2026-05-27T11:47:36.258Z] [error] Error decoding audio: sfx_plant_shoot -  Unable to decode audio data
[2026-05-27T11:47:36.258Z] [error] Failed to process file: %s "%s" audio sfx_plant_shoot
[2026-05-27T11:47:36.266Z] [error] Error decoding audio: sfx_enemy_hit_2 -  Unable to decode audio data
[2026-05-27T11:47:36.266Z] [error] Failed to process file: %s "%s" audio sfx_enemy_hit_2
[2026-05-27T11:47:36.266Z] [error] Error decoding audio: sfx_enemy_hit_3 -  Unable to decode audio data
[2026-05-27T11:47:36.267Z] [error] Failed to process file: %s "%s" audio sfx_enemy_hit_3
[2026-05-27T11:47:36.275Z] [error] Error decoding audio: sfx_enemy_death -  Unable to decode audio data
[2026-05-27T11:47:36.275Z] [error] Failed to process file: %s "%s" audio sfx_enemy_death
[2026-05-27T11:47:36.275Z] [error] Error decoding audio: sfx_explosion_aoe -  Unable to decode audio data
[2026-05-27T11:47:36.275Z] [error] Failed to process file: %s "%s" audio sfx_explosion_aoe
[2026-05-27T11:47:36.291Z] [error] Error decoding audio: sfx_result_lose -  Unable to decode audio data
[2026-05-27T11:47:36.291Z] [error] Failed to process file: %s "%s" audio sfx_result_lose
[2026-05-27T11:47:36.291Z] [error] Error decoding audio: sfx_result_win -  Unable to decode audio data
[2026-05-27T11:47:36.291Z] [error] Failed to process file: %s "%s" audio sfx_result_win
[2026-05-27T11:47:44.428Z] [debug] [vite] connecting...
[2026-05-27T11:47:44.597Z] [debug] [vite] connected.
[2026-05-27T11:47:44.734Z] [log] %c %c %c %c %c Phaser v3.90.0 (Canvas | Web Audio) %c https://phaser.io/v390 background: #ff0000 background: #ffff00 background: #00ff00 background: #00ffff color: #ffffff; background: #000000 background: transparent
[2026-05-27T11:47:45.339Z] [error] Error decoding audio: sfx_plant_shoot -  Unable to decode audio data
[2026-05-27T11:47:45.339Z] [error] Failed to process file: %s "%s" audio sfx_plant_shoot
[2026-05-27T11:47:45.339Z] [error] Error decoding audio: sfx_enemy_hit_1 -  Unable to decode audio data
[2026-05-27T11:47:45.339Z] [error] Failed to process file: %s "%s" audio sfx_enemy_hit_1
[2026-05-27T11:47:45.340Z] [error] Error decoding audio: sfx_enemy_hit_2 -  Unable to decode audio data
[2026-05-27T11:47:45.340Z] [error] Failed to process file: %s "%s" audio sfx_enemy_hit_2
[2026-05-27T11:47:45.340Z] [error] Error decoding audio: sfx_explosion_aoe -  Unable to decode audio data
[2026-05-27T11:47:45.341Z] [error] Failed to process file: %s "%s" audio sfx_explosion_aoe
[2026-05-27T11:47:45.343Z] [error] Error decoding audio: sfx_enemy_hit_3 -  Unable to decode audio data
[2026-05-27T11:47:45.343Z] [error] Failed to process file: %s "%s" audio sfx_enemy_hit_3
[2026-05-27T11:47:45.349Z] [error] Error decoding audio: sfx_enemy_death -  Unable to decode audio data
[2026-05-27T11:47:45.349Z] [error] Failed to process file: %s "%s" audio sfx_enemy_death
[2026-05-27T11:47:45.349Z] [error] Error decoding audio: sfx_result_win -  Unable to decode audio data
[2026-05-27T11:47:45.349Z] [error] Failed to process file: %s "%s" audio sfx_result_win
[2026-05-27T11:47:45.350Z] [error] Error decoding audio: sfx_result_lose -  Unable to decode audio data
[2026-05-27T11:47:45.350Z] [error] Failed to process file: %s "%s" audio sfx_result_lose
[2026-05-27T11:48:35.183Z] [debug] [vite] connecting...
[2026-05-27T11:48:35.312Z] [log] %c %c %c %c %c Phaser v3.90.0 (Canvas | Web Audio) %c https://phaser.io/v390 background: #ff0000 background: #ffff00 background: #00ff00 background: #00ffff color: #ffffff; background: #000000 background: transparent
[2026-05-27T11:48:36.141Z] [debug] [vite] connected.
[2026-05-27T11:48:42.965Z] [debug] [vite] connecting...
[2026-05-27T11:48:42.968Z] [debug] [vite] connected.
[2026-05-27T11:48:43.216Z] [log] %c %c %c %c %c Phaser v3.90.0 (Canvas | Web Audio) %c https://phaser.io/v390 background: #ff0000 background: #ffff00 background: #00ff00 background: #00ffff color: #ffffff; background: #000000 background: transparent
[2026-05-27T11:48:50.137Z] [debug] [vite] connecting...
[2026-05-27T11:48:50.204Z] [debug] [vite] connected.
[2026-05-27T11:48:50.208Z] [log] %c %c %c %c %c Phaser v3.90.0 (Canvas | Web Audio) %c https://phaser.io/v390 background: #ff0000 background: #ffff00 background: #00ff00 background: #00ffff color: #ffffff; background: #000000 background: transparent
[2026-05-27T11:48:53.686Z] [debug] [vite] connecting...
[2026-05-27T11:48:54.152Z] [debug] [vite] connected.
[2026-05-27T11:48:54.409Z] [log] %c %c %c %c %c Phaser v3.90.0 (Canvas | Web Audio) %c https://phaser.io/v390 background: #ff0000 background: #ffff00 background: #00ff00 background: #00ffff color: #ffffff; background: #000000 background: transparent
[2026-05-27T11:48:58.734Z] [debug] [vite] connecting...
[2026-05-27T11:48:58.955Z] [debug] [vite] connected.
[2026-05-27T11:48:58.969Z] [log] %c %c %c %c %c Phaser v3.90.0 (Canvas | Web Audio) %c https://phaser.io/v390 background: #ff0000 background: #ffff00 background: #00ff00 background: #00ffff color: #ffffff; background: #000000 background: transparent
[2026-05-27T11:49:01.998Z] [debug] [vite] connecting...
[2026-05-27T11:49:02.030Z] [log] %c %c %c %c %c Phaser v3.90.0 (Canvas | Web Audio) %c https://phaser.io/v390 background: #ff0000 background: #ffff00 background: #00ff00 background: #00ffff color: #ffffff; background: #000000 background: transparent
[2026-05-27T11:49:02.563Z] [debug] [vite] connected.
[2026-05-27T11:49:07.073Z] [debug] [vite] connecting...
[2026-05-27T11:49:07.405Z] [debug] [vite] connected.
[2026-05-27T11:49:07.406Z] [log] %c %c %c %c %c Phaser v3.90.0 (Canvas | Web Audio) %c https://phaser.io/v390 background: #ff0000 background: #ffff00 background: #00ff00 background: #00ffff color: #ffffff; background: #000000 background: transparent
[2026-05-27T11:49:10.657Z] [debug] [vite] connecting...
[2026-05-27T11:49:11.556Z] [debug] [vite] connected.
[2026-05-27T11:49:11.557Z] [log] %c %c %c %c %c Phaser v3.90.0 (Canvas | Web Audio) %c https://phaser.io/v390 background: #ff0000 background: #ffff00 background: #00ff00 background: #00ffff color: #ffffff; background: #000000 background: transparent
[2026-05-27T11:49:15.778Z] [debug] [vite] connecting...
[2026-05-27T11:49:15.897Z] [debug] [vite] connected.
[2026-05-27T11:49:16.261Z] [log] %c %c %c %c %c Phaser v3.90.0 (Canvas | Web Audio) %c https://phaser.io/v390 background: #ff0000 background: #ffff00 background: #00ff00 background: #00ffff color: #ffffff; background: #000000 background: transparent
[2026-05-27T11:49:19.657Z] [debug] [vite] connecting...
[2026-05-27T11:49:19.667Z] [log] %c %c %c %c %c Phaser v3.90.0 (Canvas | Web Audio) %c https://phaser.io/v390 background: #ff0000 background: #ffff00 background: #00ff00 background: #00ffff color: #ffffff; background: #000000 background: transparent
[2026-05-27T11:49:19.952Z] [debug] [vite] connected.
[2026-05-27T11:49:28.527Z] [debug] [vite] connecting...
[2026-05-27T11:49:28.960Z] [debug] [vite] connected.
[2026-05-27T11:49:29.007Z] [log] %c %c %c %c %c Phaser v3.90.0 (Canvas | Web Audio) %c https://phaser.io/v390 background: #ff0000 background: #ffff00 background: #00ff00 background: #00ffff color: #ffffff; background: #000000 background: transparent
[2026-05-27T11:49:33.754Z] [debug] [vite] connecting...
[2026-05-27T11:49:34.571Z] [debug] [vite] connected.
[2026-05-27T11:49:34.646Z] [log] %c %c %c %c %c Phaser v3.90.0 (Canvas | Web Audio) %c https://phaser.io/v390 background: #ff0000 background: #ffff00 background: #00ff00 background: #00ffff color: #ffffff; background: #000000 background: transparent
[2026-05-27T11:49:44.953Z] [debug] [vite] connecting...
[2026-05-27T11:49:45.036Z] [debug] [vite] connected.
[2026-05-27T11:49:45.068Z] [log] %c %c %c %c %c Phaser v3.90.0 (Canvas | Web Audio) %c https://phaser.io/v390 background: #ff0000 background: #ffff00 background: #00ff00 background: #00ffff color: #ffffff; background: #000000 background: transparent
[2026-05-27T11:51:30.030Z] [debug] [vite] connecting...
[2026-05-27T11:51:30.230Z] [debug] [vite] connected.
[2026-05-27T11:51:30.385Z] [log] %c %c %c %c %c Phaser v3.90.0 (Canvas | Web Audio) %c https://phaser.io/v390 background: #ff0000 background: #ffff00 background: #00ff00 background: #00ffff color: #ffffff; background: #000000 background: transparent
[2026-05-27T11:51:36.267Z] [debug] [vite] connecting...
[2026-05-27T11:51:36.285Z] [debug] [vite] connected.
[2026-05-27T11:51:36.296Z] [log] %c %c %c %c %c Phaser v3.90.0 (Canvas | Web Audio) %c https://phaser.io/v390 background: #ff0000 background: #ffff00 background: #00ff00 background: #00ffff color: #ffffff; background: #000000 background: transparent
[2026-05-27T11:51:44.039Z] [debug] [vite] connecting...
[2026-05-27T11:51:44.270Z] [debug] [vite] connected.
[2026-05-27T11:51:44.447Z] [log] %c %c %c %c %c Phaser v3.90.0 (Canvas | Web Audio) %c https://phaser.io/v390 background: #ff0000 background: #ffff00 background: #00ff00 background: #00ffff color: #ffffff; background: #000000 background: transparent
[2026-05-27T11:51:49.706Z] [debug] [vite] connecting...
[2026-05-27T11:51:49.779Z] [debug] [vite] connected.
[2026-05-27T11:51:50.447Z] [log] %c %c %c %c %c Phaser v3.90.0 (Canvas | Web Audio) %c https://phaser.io/v390 background: #ff0000 background: #ffff00 background: #00ff00 background: #00ffff color: #ffffff; background: #000000 background: transparent
[2026-05-27T11:51:55.584Z] [debug] [vite] connecting...
[2026-05-27T11:51:55.627Z] [debug] [vite] connected.
[2026-05-27T11:51:55.916Z] [log] %c %c %c %c %c Phaser v3.90.0 (Canvas | Web Audio) %c https://phaser.io/v390 background: #ff0000 background: #ffff00 background: #00ff00 background: #00ffff color: #ffffff; background: #000000 background: transparent
[2026-05-27T11:52:02.865Z] [debug] [vite] connecting...
[2026-05-27T11:52:02.995Z] [debug] [vite] connected.
[2026-05-27T11:52:03.074Z] [log] %c %c %c %c %c Phaser v3.90.0 (Canvas | Web Audio) %c https://phaser.io/v390 background: #ff0000 background: #ffff00 background: #00ff00 background: #00ffff color: #ffffff; background: #000000 background: transparent
[2026-05-27T11:52:13.083Z] [debug] [vite] connecting...
[2026-05-27T11:52:13.092Z] [debug] [vite] connected.
[2026-05-27T11:52:13.135Z] [log] %c %c %c %c %c Phaser v3.90.0 (Canvas | Web Audio) %c https://phaser.io/v390 background: #ff0000 background: #ffff00 background: #00ff00 background: #00ffff color: #ffffff; background: #000000 background: transparent
[2026-05-27T11:52:41.865Z] [debug] [vite] connecting...
[2026-05-27T11:52:41.869Z] [debug] [vite] connected.
[2026-05-27T11:52:41.977Z] [log] %c %c %c %c %c Phaser v3.90.0 (Canvas | Web Audio) %c https://phaser.io/v390 background: #ff0000 background: #ffff00 background: #00ff00 background: #00ffff color: #ffffff; background: #000000 background: transparent
[2026-05-27T11:52:50.006Z] [debug] [vite] connecting...
[2026-05-27T11:52:50.053Z] [debug] [vite] connected.
[2026-05-27T11:52:50.372Z] [log] %c %c %c %c %c Phaser v3.90.0 (Canvas | Web Audio) %c https://phaser.io/v390 background: #ff0000 background: #ffff00 background: #00ff00 background: #00ffff color: #ffffff; background: #000000 background: transparent
[2026-05-27T11:53:01.034Z] [debug] [vite] connecting...
[2026-05-27T11:53:01.040Z] [debug] [vite] connected.
[2026-05-27T11:53:01.081Z] [log] %c %c %c %c %c Phaser v3.90.0 (Canvas | Web Audio) %c https://phaser.io/v390 background: #ff0000 background: #ffff00 background: #00ff00 background: #00ffff color: #ffffff; background: #000000 background: transparent
[2026-05-27T11:56:22.369Z] [debug] [vite] connecting...
[2026-05-27T11:56:22.666Z] [log] %c %c %c %c %c Phaser v3.90.0 (Canvas | Web Audio) %c https://phaser.io/v390 background: #ff0000 background: #ffff00 background: #00ff00 background: #00ffff color: #ffffff; background: #000000 background: transparent
[2026-05-27T11:56:23.503Z] [debug] [vite] connected.
[2026-05-27T11:56:28.210Z] [debug] [vite] connecting...
[2026-05-27T11:56:28.334Z] [debug] [vite] connected.
[2026-05-27T11:56:28.353Z] [log] %c %c %c %c %c Phaser v3.90.0 (Canvas | Web Audio) %c https://phaser.io/v390 background: #ff0000 background: #ffff00 background: #00ff00 background: #00ffff color: #ffffff; background: #000000 background: transparent
[2026-05-27T11:56:39.201Z] [debug] [vite] connecting...
[2026-05-27T11:56:39.209Z] [debug] [vite] connected.
[2026-05-27T11:56:39.262Z] [log] %c %c %c %c %c Phaser v3.90.0 (Canvas | Web Audio) %c https://phaser.io/v390 background: #ff0000 background: #ffff00 background: #00ff00 background: #00ffff color: #ffffff; background: #000000 background: transparent
[2026-05-27T11:57:12.872Z] [debug] [vite] connecting...
[2026-05-27T11:57:12.890Z] [debug] [vite] connected.
[2026-05-27T11:57:12.995Z] [log] %c %c %c %c %c Phaser v3.90.0 (Canvas | Web Audio) %c https://phaser.io/v390 background: #ff0000 background: #ffff00 background: #00ff00 background: #00ffff color: #ffffff; background: #000000 background: transparent
